

*******************************************************************************
Fri Aug 09 09:15:14 2024


FIT:    data read from "execution_times_file.csv"
        format = z
        x range restricted to [1000.00 : 3900.00]
        #datapoints = 30
        residuals are weighted equally (unit weight)

function used for fitting: f(x)
	f(x) = a+ b *(x**c)
BREAK: Need via and either parameter list or file

*******************************************************************************
Fri Aug 09 09:15:19 2024


FIT:    data read from "execution_times_file.csv"
        format = z
        x range restricted to [1000.00 : 3900.00]
        #datapoints = 30
        residuals are weighted equally (unit weight)

function used for fitting: f(x)
	f(x) = a+ b *(x**c)
BREAK: Need via and either parameter list or file

*******************************************************************************
Fri Aug 09 09:15:23 2024


FIT:    data read from "execution_times_file.csv" using 1:4
        format = x:z
        x range restricted to [1000.00 : 3900.00]
        #datapoints = 30
        residuals are weighted equally (unit weight)

function used for fitting: f(x)
	f(x) = a+ b *(x**c)
fitted parameters initialized with current variable values

Warning: Initial value of parameter 'a' is zero.
iter      chisq       delta/lim  lambda   a             b             c            
   0 5.0693645608e+09   0.00e+00  9.99e+04    1.000000e-30   1.000000e-01   1.500000e+00
BREAK: Singular matrix in Invert_RtR

*******************************************************************************
Fri Aug 09 09:15:49 2024


FIT:    data read from "execution_times_file.csv" using 1:4
        format = x:z
        x range restricted to [1000.00 : 3900.00]
        #datapoints = 30
        residuals are weighted equally (unit weight)

function used for fitting: f(x)
	f(x) = a+ b *(x**c)
fitted parameters initialized with current variable values

iter      chisq       delta/lim  lambda   a             b             c            
   0 4.7816590423e+04   0.00e+00  1.00e+04    1.000000e+00   1.427533e-03   1.724559e+00
 194 3.7122752637e+04  -7.13e-01  1.00e-01   -3.125633e+01   2.228215e-03   1.670211e+00

After 194 iterations the fit converged.
final sum of squares of residuals : 37122.8
rel. change during last iteration : -7.13438e-06

degrees of freedom    (FIT_NDF)                        : 27
rms of residuals      (FIT_STDFIT) = sqrt(WSSR/ndf)    : 37.0799
variance of residuals (reduced chisquare) = WSSR/ndf   : 1374.92

Final set of parameters            Asymptotic Standard Error
=======================            ==========================
a               = -31.2563         +/- 42.18        (135%)
b               = 0.00222821       +/- 0.001378     (61.86%)
c               = 1.67021          +/- 0.07283      (4.361%)

correlation matrix of the fit parameters:
                a      b      c      
a               1.000 
b              -0.948  1.000 
c               0.943 -1.000  1.000 
